<?xml version="1.0" encoding="UTF-8"?>
<!-- Generated by org.testng.reporters.JUnitReportReporter -->
<testsuite hostname="DESKTOP-GNCFB5A" failures="0" tests="1" name="testpackage.TestClass" time="0.697" errors="0" timestamp="2022-09-15T11:14:05 IST" skipped="0">
  <testcase classname="testpackage.TestClass" name="homepage_keysenter" time="0.697"/>
  <system-out/>
</testsuite> <!-- testpackage.TestClass -->
